<?xml version="1.0" encoding="UTF-8"?><TestReport time="Sun May 11 16:34:35 BDT 2014">
<CodeNames>
<CodeName id="750.38"/>
<Status>Invalid</Status>
<TestResult>Pass</TestResult>
</CodeNames>
</TestReport>
