<component name="libraryTable">
  <library name="junit-4.7">
    <CLASSES>
      <root url="jar://F:/Selenium_new/opencsv-2.3-src-with-libs/opencsv-2.3/lib/junit-4.7.jar!/" />
    </CLASSES>
    <JAVADOC />
    <SOURCES />
  </library>
</component>